<?xml version="1.0" encoding="UTF-8"?>
<testsuite name="com.walletapp.WalletServiceMoctTests" tests="1" skipped="0" failures="0" errors="0" timestamp="2023-02-24T07:37:51" hostname="WGC100CJHG8C3" time="0.035">
  <properties/>
  <testcase name="withdrawFundsFromWalletTest()" classname="com.walletapp.WalletServiceMoctTests" time="0.035"/>
  <system-out><![CDATA[13:07:48.671 [Test worker] DEBUG org.springframework.test.context.BootstrapUtils - Instantiating CacheAwareContextLoaderDelegate from class [org.springframework.test.context.cache.DefaultCacheAwareContextLoaderDelegate]
13:07:48.681 [Test worker] DEBUG org.springframework.test.context.BootstrapUtils - Instantiating BootstrapContext using constructor [public org.springframework.test.context.support.DefaultBootstrapContext(java.lang.Class,org.springframework.test.context.CacheAwareContextLoaderDelegate)]
13:07:48.710 [Test worker] DEBUG org.springframework.test.context.BootstrapUtils - Instantiating TestContextBootstrapper for test class [com.walletapp.WalletServiceMoctTests] from class [org.springframework.boot.test.context.SpringBootTestContextBootstrapper]
13:07:48.719 [Test worker] INFO org.springframework.boot.test.context.SpringBootTestContextBootstrapper - Neither @ContextConfiguration nor @ContextHierarchy found for test class [com.walletapp.WalletServiceMoctTests], using SpringBootContextLoader
13:07:48.722 [Test worker] DEBUG org.springframework.test.context.support.AbstractContextLoader - Did not detect default resource location for test class [com.walletapp.WalletServiceMoctTests]: class path resource [com/walletapp/WalletServiceMoctTests-context.xml] does not exist
13:07:48.723 [Test worker] DEBUG org.springframework.test.context.support.AbstractContextLoader - Did not detect default resource location for test class [com.walletapp.WalletServiceMoctTests]: class path resource [com/walletapp/WalletServiceMoctTestsContext.groovy] does not exist
13:07:48.723 [Test worker] INFO org.springframework.test.context.support.AbstractContextLoader - Could not detect default resource locations for test class [com.walletapp.WalletServiceMoctTests]: no resource found for suffixes {-context.xml, Context.groovy}.
13:07:48.723 [Test worker] INFO org.springframework.test.context.support.AnnotationConfigContextLoaderUtils - Could not detect default configuration classes for test class [com.walletapp.WalletServiceMoctTests]: WalletServiceMoctTests does not declare any static, non-private, non-final, nested classes annotated with @Configuration.
13:07:48.761 [Test worker] DEBUG org.springframework.test.context.support.ActiveProfilesUtils - Could not find an 'annotation declaring class' for annotation type [org.springframework.test.context.ActiveProfiles] and class [com.walletapp.WalletServiceMoctTests]
13:07:48.809 [Test worker] DEBUG org.springframework.context.annotation.ClassPathScanningCandidateComponentProvider - Identified candidate component class: file [C:\Users\LJAGANAT\Downloads\ford-walletapp-main\build\classes\java\main\com\walletapp\WalletAppApplication.class]
13:07:48.829 [Test worker] INFO org.springframework.boot.test.context.SpringBootTestContextBootstrapper - Found @SpringBootConfiguration com.walletapp.WalletAppApplication for test class com.walletapp.WalletServiceMoctTests
13:07:48.914 [Test worker] DEBUG org.springframework.boot.test.context.SpringBootTestContextBootstrapper - @TestExecutionListeners is not present for class [com.walletapp.WalletServiceMoctTests]: using defaults.
13:07:48.914 [Test worker] INFO org.springframework.boot.test.context.SpringBootTestContextBootstrapper - Loaded default TestExecutionListener class names from location [META-INF/spring.factories]: [org.springframework.boot.test.autoconfigure.restdocs.RestDocsTestExecutionListener, org.springframework.boot.test.autoconfigure.web.client.MockRestServiceServerResetTestExecutionListener, org.springframework.boot.test.autoconfigure.web.servlet.MockMvcPrintOnlyOnFailureTestExecutionListener, org.springframework.boot.test.autoconfigure.web.servlet.WebDriverTestExecutionListener, org.springframework.boot.test.autoconfigure.webservices.client.MockWebServiceServerTestExecutionListener, org.springframework.boot.test.mock.mockito.MockitoTestExecutionListener, org.springframework.boot.test.mock.mockito.ResetMocksTestExecutionListener, org.springframework.test.context.web.ServletTestExecutionListener, org.springframework.test.context.support.DirtiesContextBeforeModesTestExecutionListener, org.springframework.test.context.event.ApplicationEventsTestExecutionListener, org.springframework.test.context.support.DependencyInjectionTestExecutionListener, org.springframework.test.context.support.DirtiesContextTestExecutionListener, org.springframework.test.context.transaction.TransactionalTestExecutionListener, org.springframework.test.context.jdbc.SqlScriptsTestExecutionListener, org.springframework.test.context.event.EventPublishingTestExecutionListener]
13:07:48.924 [Test worker] DEBUG org.springframework.boot.test.context.SpringBootTestContextBootstrapper - Skipping candidate TestExecutionListener [org.springframework.test.context.transaction.TransactionalTestExecutionListener] due to a missing dependency. Specify custom listener classes or make the default listener classes and their required dependencies available. Offending class: [org/springframework/transaction/interceptor/TransactionAttributeSource]
13:07:48.924 [Test worker] DEBUG org.springframework.boot.test.context.SpringBootTestContextBootstrapper - Skipping candidate TestExecutionListener [org.springframework.test.context.jdbc.SqlScriptsTestExecutionListener] due to a missing dependency. Specify custom listener classes or make the default listener classes and their required dependencies available. Offending class: [org/springframework/transaction/interceptor/TransactionAttribute]
13:07:48.925 [Test worker] INFO org.springframework.boot.test.context.SpringBootTestContextBootstrapper - Using TestExecutionListeners: [org.springframework.test.context.web.ServletTestExecutionListener@2cf23c81, org.springframework.test.context.support.DirtiesContextBeforeModesTestExecutionListener@3624da92, org.springframework.test.context.event.ApplicationEventsTestExecutionListener@35fe2125, org.springframework.boot.test.mock.mockito.MockitoTestExecutionListener@94f6bfb, org.springframework.boot.test.autoconfigure.SpringBootDependencyInjectionTestExecutionListener@34645867, org.springframework.test.context.support.DirtiesContextTestExecutionListener@2484f433, org.springframework.test.context.event.EventPublishingTestExecutionListener@60b71e8f, org.springframework.boot.test.autoconfigure.restdocs.RestDocsTestExecutionListener@1255b1d1, org.springframework.boot.test.autoconfigure.web.client.MockRestServiceServerResetTestExecutionListener@464649c, org.springframework.boot.test.autoconfigure.web.servlet.MockMvcPrintOnlyOnFailureTestExecutionListener@7c22d4f, org.springframework.boot.test.autoconfigure.web.servlet.WebDriverTestExecutionListener@5f59185e, org.springframework.boot.test.autoconfigure.webservices.client.MockWebServiceServerTestExecutionListener@60bdf15d, org.springframework.boot.test.mock.mockito.ResetMocksTestExecutionListener@47da3952]
13:07:48.928 [Test worker] DEBUG org.springframework.test.context.support.AbstractDirtiesContextTestExecutionListener - Before test class: context [DefaultTestContext@362a019c testClass = WalletServiceMoctTests, testInstance = [null], testMethod = [null], testException = [null], mergedContextConfiguration = [WebMergedContextConfiguration@1d9bec4d testClass = WalletServiceMoctTests, locations = '{}', classes = '{class com.walletapp.WalletAppApplication}', contextInitializerClasses = '[]', activeProfiles = '{}', propertySourceLocations = '{}', propertySourceProperties = '{org.springframework.boot.test.context.SpringBootTestContextBootstrapper=true}', contextCustomizers = set[org.springframework.boot.test.autoconfigure.actuate.metrics.MetricsExportContextCustomizerFactory$DisableMetricExportContextCustomizer@4748a0f9, org.springframework.boot.test.autoconfigure.properties.PropertyMappingContextCustomizer@0, org.springframework.boot.test.autoconfigure.web.servlet.WebDriverContextCustomizerFactory$Customizer@7241a47d, org.springframework.boot.test.context.filter.ExcludeFilterContextCustomizer@7e3181aa, org.springframework.boot.test.json.DuplicateJsonObjectContextCustomizerFactory$DuplicateJsonObjectContextCustomizer@8dbfffb, org.springframework.boot.test.mock.mockito.MockitoContextCustomizer@af8bafb6, org.springframework.boot.test.web.client.TestRestTemplateContextCustomizer@12c7a01b, org.springframework.boot.test.context.SpringBootTestArgs@1, org.springframework.boot.test.context.SpringBootTestWebEnvironment@7a419da4], resourceBasePath = 'src/main/webapp', contextLoader = 'org.springframework.boot.test.context.SpringBootContextLoader', parent = [null]], attributes = map['org.springframework.test.context.web.ServletTestExecutionListener.activateListener' -> true]], class annotated with @DirtiesContext [false] with mode [null].

  .   ____          _            __ _ _
 /\\ / ___'_ __ _ _(_)_ __  __ _ \ \ \ \
( ( )\___ | '_ | '_| | '_ \/ _` | \ \ \ \
 \\/  ___)| |_)| | | | | || (_| |  ) ) ) )
  '  |____| .__|_| |_|_| |_\__, | / / / /
 =========|_|==============|___/=/_/_/_/
 :: Spring Boot ::       (v2.7.9-SNAPSHOT)

2023-02-24 13:07:49.237  INFO 14684 --- [    Test worker] com.walletapp.WalletServiceMoctTests     : Starting WalletServiceMoctTests using Java 19.0.2 on WGC100CJHG8C3 with PID 14684 (started by LJAGANAT in C:\Users\LJAGANAT\Downloads\ford-walletapp-main)
2023-02-24 13:07:49.239  INFO 14684 --- [    Test worker] com.walletapp.WalletServiceMoctTests     : No active profile set, falling back to 1 default profile: "default"
2023-02-24 13:07:51.105  INFO 14684 --- [    Test worker] com.walletapp.WalletServiceMoctTests     : Started WalletServiceMoctTests in 2.143 seconds (JVM running for 3.202)
]]></system-out>
  <system-err><![CDATA[]]></system-err>
</testsuite>
